13:48:40.359 INFO - Selenium build info: version: '3.8.1', revision: '6e95a6684b'
13:48:40.359 INFO - Launching a standalone Selenium Server
2017-12-25 13:48:40.438:INFO::main: Logging initialized @282ms to org.seleniumhq.jetty9.util.log.StdErrLog
13:48:40.476 INFO - Using `new FirefoxOptions()` is preferred to `DesiredCapabilities.firefox()`
13:48:40.491 INFO - Using `new ChromeOptions()` is preferred to `DesiredCapabilities.chrome()`
13:48:40.491 INFO - Using `new EdgeOptions()` is preferred to `DesiredCapabilities.edge()`
13:48:40.491 INFO - Driver class not found: com.opera.core.systems.OperaDriver
13:48:40.491 INFO - Using `new OperaOptions()` is preferred to `DesiredCapabilities.operaBlink()`
13:48:40.491 INFO - Using `new SafariOptions()` is preferred to `DesiredCapabilities.safari()`
13:48:40.491 INFO - Driver class not found: org.openqa.selenium.phantomjs.PhantomJSDriver
13:48:40.522 INFO - Driver provider class org.openqa.selenium.safari.SafariDriver registration is skipped:
 registration capabilities Capabilities {browserName: safari, platform: MAC, version: } does not match the current platform WIN10
13:48:40.560 INFO - Using `new ChromeOptions()` is preferred to `DesiredCapabilities.chrome()`
13:48:40.560 INFO - Using `new EdgeOptions()` is preferred to `DesiredCapabilities.edge()`
13:48:40.560 INFO - Using `new FirefoxOptions()` is preferred to `DesiredCapabilities.firefox()`
13:48:40.560 INFO - Using `new OperaOptions()` is preferred to `DesiredCapabilities.operaBlink()`
13:48:40.560 INFO - Using `new SafariOptions()` is preferred to `DesiredCapabilities.safari()`
13:48:40.576 INFO - Using the passthrough mode handler
2017-12-25 13:48:40.607:INFO:osjs.Server:main: jetty-9.4.7.v20170914
2017-12-25 13:48:40.623:WARN:osjs.SecurityHandler:main: ServletContext@o.s.j.s.ServletContextHandler@462d5aee{/,null,STARTING} has uncovered http methods for path: /
2017-12-25 13:48:40.623:INFO:osjsh.ContextHandler:main: Started o.s.j.s.ServletContextHandler@462d5aee{/,null,AVAILABLE}
2017-12-25 13:48:40.697:INFO:osjs.AbstractConnector:main: Started ServerConnector@319b92f3{HTTP/1.1,[http/1.1]}{0.0.0.0:4444}
2017-12-25 13:48:40.697:INFO:osjs.Server:main: Started @544ms
13:48:40.697 INFO - Selenium Server is up and running
